<?xml version="1.0" encoding="UTF-8"?>
<!-- Generated by org.testng.reporters.JUnitXMLReporter -->
<testsuite hostname="INL-JW32JM2" ignored="0" name="Functional" tests="4" failures="0" timestamp="01 Oct 2019 09:53:56 GMT" time="647.93" errors="0">
  <testcase name="photosAppViewSetup" time="180.301" classname="com.ude.portalen.testcases.PhotosApp_TC1"/>
  <testcase name="settingsAppNotificationRingtoneSetup" time="151.351" classname="com.ude.portalen.testcases.SettingsApp_TC2"/>
  <testcase name="twoAppLaunchSetup" time="204.971" classname="com.ude.portalen.testcases.TwoApps_TC3"/>
  <testcase name="viewWiFiDataUsage_Settigs" time="109.842" classname="com.ude.portalen.testcases.MobileToWeb_TC4"/>
</testsuite> <!-- Functional -->
