<?xml version="1.0" encoding="UTF-8"?>
<testng-results skipped="0" failed="0" ignored="0" total="1" passed="1">
  <reporter-output>
  </reporter-output>
  <suite name="Default suite" duration-ms="62661" started-at="2019-11-06T11:52:39Z" finished-at="2019-11-06T11:53:42Z">
    <groups>
    </groups>
    <test name="Default test" duration-ms="62661" started-at="2019-11-06T11:52:39Z" finished-at="2019-11-06T11:53:42Z">
      <class name="com.ude.portalen.testcases.UDEMA_1984_SendReceive_New_Message">
        <test-method status="PASS" signature="photosAppViewSetup()[pri:0, instance:com.ude.portalen.testcases.UDEMA_1984_SendReceive_New_Message@60dcc9fe]" name="photosAppViewSetup" duration-ms="62462" started-at="2019-11-06T11:52:39Z" finished-at="2019-11-06T11:53:42Z">
          <reporter-output>
          </reporter-output>
        </test-method> <!-- photosAppViewSetup -->
      </class> <!-- com.ude.portalen.testcases.UDEMA_1984_SendReceive_New_Message -->
    </test> <!-- Default test -->
  </suite> <!-- Default suite -->
</testng-results>
